<?xml version="1.0" encoding="UTF-8"?>
<!-- Generated by org.testng.reporters.JUnitXMLReporter -->
<testsuite ignored="0" hostname="Apprication" failures="0" tests="13" name="Default test" time="196.58" errors="0" timestamp="2025-06-02T02:16:02 GMT-07:00">
  <testcase classname="TestCases.TC02_RegisterCustomerTestCases" name="firstNameBlank" time="14.034"/>
  <testcase classname="TestCases.TC02_RegisterCustomerTestCases" name="phoneBlank" time="11.68"/>
  <testcase classname="TestCases.TC02_RegisterCustomerTestCases" name="userNameBlank" time="11.606"/>
  <testcase classname="TestCases.TC02_RegisterCustomerTestCases" name="passwordBlank" time="11.666"/>
  <testcase classname="TestCases.TC02_RegisterCustomerTestCases" name="ConfirmpasswordBlank" time="11.684"/>
  <testcase classname="TestCases.TC02_RegisterCustomerTestCases" name="FirstNamenotValid" time="11.696"/>
  <testcase classname="TestCases.TC02_RegisterCustomerTestCases" name="lastNameNotValid" time="11.698"/>
  <testcase classname="TestCases.TC02_RegisterCustomerTestCases" name="phoneNotValid" time="11.674"/>
  <testcase classname="TestCases.TC02_RegisterCustomerTestCases" name="userNameNotValid" time="11.66"/>
  <testcase classname="TestCases.TC02_RegisterCustomerTestCases" name="confirmPasswordNotValid" time="11.667"/>
  <testcase classname="TestCases.TC02_RegisterCustomerTestCases" name="passwordInvalid" time="11.646"/>
  <testcase classname="TestCases.TC02_RegisterCustomerTestCases" name="emailAlreadyExistValidation" time="21.673"/>
  <testcase classname="TestCases.TC02_RegisterCustomerTestCases" name="loginDisplay" time="24.785"/>
</testsuite> <!-- Default test -->
