<?xml version="1.0" encoding="UTF-8"?>
<testng-results ignored="0" total="1" passed="1" failed="0" skipped="0">
  <reporter-output>
  </reporter-output>
  <suite started-at="2025-06-12T08:35:04 GMT-07:00" name="Default suite" finished-at="2025-06-12T08:35:21 GMT-07:00" duration-ms="16335">
    <groups>
    </groups>
    <test started-at="2025-06-12T08:35:04 GMT-07:00" name="Default test" finished-at="2025-06-12T08:35:21 GMT-07:00" duration-ms="16335">
      <class name="testCases.customerLogin.TC_CustomerLogin_005">
        <test-method is-config="true" signature="setUp()[pri:0, instance:testCases.customerLogin.TC_CustomerLogin_005@44c03695]" started-at="2025-06-12T08:35:04 GMT-07:00" name="setUp" finished-at="2025-06-12T08:35:17 GMT-07:00" duration-ms="13150" status="PASS">
          <reporter-output>
          </reporter-output>
        </test-method> <!-- setUp -->
        <test-method signature="validEmailPass()[pri:1, instance:testCases.customerLogin.TC_CustomerLogin_005@44c03695]" started-at="2025-06-12T08:35:17 GMT-07:00" name="validEmailPass" finished-at="2025-06-12T08:35:20 GMT-07:00" duration-ms="2651" status="PASS">
          <reporter-output>
          </reporter-output>
        </test-method> <!-- validEmailPass -->
        <test-method is-config="true" signature="tearDown()[pri:0, instance:testCases.customerLogin.TC_CustomerLogin_005@44c03695]" started-at="2025-06-12T08:35:20 GMT-07:00" name="tearDown" finished-at="2025-06-12T08:35:21 GMT-07:00" duration-ms="430" status="PASS">
          <reporter-output>
          </reporter-output>
        </test-method> <!-- tearDown -->
      </class> <!-- testCases.customerLogin.TC_CustomerLogin_005 -->
    </test> <!-- Default test -->
  </suite> <!-- Default suite -->
</testng-results>
