<?xml version="1.0" encoding="UTF-8"?>
<testng-results ignored="0" total="1" passed="1" failed="0" skipped="0">
  <reporter-output>
  </reporter-output>
  <suite started-at="2025-05-29T10:43:02 GMT-07:00" name="Default suite" finished-at="2025-05-29T10:43:31 GMT-07:00" duration-ms="28795">
    <groups>
    </groups>
    <test started-at="2025-05-29T10:43:02 GMT-07:00" name="Default test" finished-at="2025-05-29T10:43:31 GMT-07:00" duration-ms="28795">
      <class name="LoginTestCases.TC01_LoginPage">
        <test-method is-config="true" signature="SetUp()[pri:0, instance:LoginTestCases.TC01_LoginPage@702657cc]" started-at="2025-05-29T10:43:02 GMT-07:00" name="SetUp" finished-at="2025-05-29T10:43:29 GMT-07:00" duration-ms="27209" status="PASS">
          <reporter-output>
          </reporter-output>
        </test-method> <!-- SetUp -->
        <test-method signature="clickLoginBtn()[pri:1, instance:LoginTestCases.TC01_LoginPage@702657cc]" started-at="2025-05-29T10:43:29 GMT-07:00" name="clickLoginBtn" finished-at="2025-05-29T10:43:30 GMT-07:00" duration-ms="1145" status="PASS">
          <reporter-output>
          </reporter-output>
        </test-method> <!-- clickLoginBtn -->
        <test-method is-config="true" signature="teardown()[pri:0, instance:LoginTestCases.TC01_LoginPage@702657cc]" started-at="2025-05-29T10:43:30 GMT-07:00" name="teardown" finished-at="2025-05-29T10:43:31 GMT-07:00" duration-ms="351" status="PASS">
          <reporter-output>
          </reporter-output>
        </test-method> <!-- teardown -->
      </class> <!-- LoginTestCases.TC01_LoginPage -->
    </test> <!-- Default test -->
  </suite> <!-- Default suite -->
</testng-results>
